<?xml version="1.0" encoding="UTF-8"?>
<!-- Generated by org.testng.reporters.JUnitReportReporter -->
<testsuite hostname="LAPTOP-E8AE22MJ" failures="0" tests="1" name="testScripts.Tc_01_Test" time="9.380" errors="0" timestamp="2023-07-14T22:02:07 IST" skipped="0">
  <testcase classname="testScripts.Tc_01_Test" name="createOrganizationWithMandField" time="9.380"/>
</testsuite> <!-- testScripts.Tc_01_Test -->
