<?xml version="1.0" encoding="UTF-8"?>
<!-- Generated by org.testng.reporters.JUnitReportReporter -->
<testsuite hostname="LAPTOP-E8AE22MJ" failures="0" tests="1" name="testScripts.Tc_08_Test" time="19.296" errors="0" timestamp="2023-07-14T11:00:19 IST" skipped="0">
  <testcase classname="testScripts.Tc_08_Test" name="newEvent" time="19.296"/>
</testsuite> <!-- testScripts.Tc_08_Test -->
