<?xml version="1.0" encoding="UTF-8"?>
<!-- Generated by org.testng.reporters.JUnitReportReporter -->
<testsuite hostname="LAPTOP-E8AE22MJ" failures="0" tests="1" name="testScripts.troubleTicket" time="5.985" errors="0" timestamp="2023-07-15T07:00:09 IST" skipped="0">
  <testcase classname="testScripts.troubleTicket" name="trobleTicket" time="5.985"/>
</testsuite> <!-- testScripts.troubleTicket -->
